title:
                        
                        腾讯微视强势杀回短视频！磨刀霍霍向抖音？  
                        
time:2018年5月1日
stract:方向太多，也会迷失方向。


title:
                        
                        确认过赛道的眼神，泛文娱是光控新经济要攻占的城
                        
time:2018年5月1日
stract:随着人口红利和流量红利消耗殆尽，文娱产业迈入了后互联网的消费升级时代。


title:
                        
                        大妈的红丝巾，终于飘进了区块链会场  
                        
time:2018年4月30日
stract:“在中国，大妈群体是一个风向标。她们炒什么，就是什么到顶的标志。她们做什么，你就一定不要做什么。”


title:
                        
                        BEC瞬间归零:黑客转移海量币，黑产大军开始监控币漏洞
                        
time:2018年4月30日
stract:一夜归零的BEC，就如一出闹剧。这其中折射太多的问题，对发币的疏忽和懈怠，黑产的强大和虎视眈眈。


title:
                        
                        诞生过50个亿万富翁！“中国电子第一街”改行卖水果，华强北经历了什么？  
                        
time:2018年4月29日
stract:江湖还留传着这样一句调侃的话，华强北“打个喷嚏”，珠三角乃至全国市场都“跟着感冒”。


title:
                        
                        鸿茅药酒当事人：民不与富斗，富不与官争
                        
time:2018年4月29日
stract:一副盛世之下的惊弓之鸟的感觉，可以看出他很怕，他也确实应该怕。


title:
                        
                        继中兴之后，美国对华为抡起了鞭子？  
                        
time:2018年4月28日
stract:很多事来不及思考，就这样自然发生。


title:
                        
                        为了给你烧纸，我烧了那么多钱
                        
time:2018年4月28日
stract:毕竟人的故事，有时候比鬼故事吓人多了。


title:
                        
                        六个钱包买房的辛酸背后，买不起房的大城市和回不去的老家！
                        
time:2018年4月28日
stract:“年轻人到底是应该买房还是租房”？“六个钱包买房”的论点了解一下~


title:
                        
                        不分红让你跌停，市值蒸发270亿！格力服软：分分分  
                        
time:2018年4月27日
stract:对非议与指责，在舆论漩涡里的格力，显然与其他企业一毛不拔的“铁公鸡”比起来，已经算是一个“三好学生”了。


title:
                        
                        暗黑版淘宝：每周卖出3个女人，收益1500万欧元
                        
time:2018年4月27日
stract:互联网作为万千工具中的一种，它有罪，但不是原罪。因为作恶的永远都是人！


title:
                        
                        主业经营不善，副业“虚假繁荣”，滴滴该反省什么？
                        
time:2018年4月27日
stract:“得民心者得天下”。


title:
                        
                        美国扼杀中国高科技产业背后，是对中国疯狂“超日赶美”的焦虑！  
                        
time:2018年4月26日
stract:华为和中兴是中国企业科技创新的两大主力，这也就是美国政府为什么一直针对华为和中兴两家企业“使绊子”的原因。


title:
                        
                        我的钱和义气，就是给你看看的啊
                        
time:2018年4月26日
stract:钱，是有的。给你们看看，是无妨的。什么？要我花钱？你在说什么？


title:
                        
                        一家10元小店，火爆到被迫暂停营业！如今全球开店630家，年入30亿！
                        
time:2018年4月26日
stract:一家10元小店，火爆到被迫暂停营业！如今全球开店630家，年入30亿！


title:
                        
                        滴滴估值1000亿美元？ofo还吃不吃了  
                        
time:2018年4月25日
stract:滴滴出行加快了上市的脚步，在他背后穷追不舍的除了野心还有焦虑……


title:
                        
                        刚刚，一家300亿规模的理财平台突发状况！更多风险还在后面
                        
time:2018年4月25日
stract:谁曾想一个由光大、网易、海航三强联手护航且规模超300亿的理财平台也迎来了它的黑暗时刻，大厦将倾！


title:
                        
                        锤子手机，你也就是个锤子了！
                        
time:2018年4月25日
stract:在这个一机定江山的时代，品类像个转盘，站不住，就被甩出局。


title:
                        
                        曾称霸中国的一代巨头，如今停产了  
                        
time:2018年4月24日
stract:少壮不努力，长大开夏利。


title:
                        
                        没有“网红”董明珠，格力还能不能这么给力？
                        
time:2018年4月24日
stract:假如一家企业能够拥有董明珠这样的“宝贝”，好好珍惜还来不及呢，又怎么会轻易让她告老还乡呢？


title:
                        
                        中兴危局大讨论：咎由自取？身不由己？中国缺芯？13亿人民支持？
                        
time:2018年4月24日
stract:中兴在上周五召开的新闻发布会上也作了认真反思，还要加大研发投入，求人不如求己。


title:
                        
                        山寨版的德邦物流，是百度又给自己下的蛊？  
                        
time:2018年4月23日
stract:山寨版的德邦物流，是百度又给自己下的蛊？   最近，差评君的一篇《我为什么不敢用百度搜索?》的微信头条文章在


title:
                        
                        全世界最大的骗子去世，警方在他的账户上发现了14万枚比特币
                        
time:2018年4月23日
stract:也许他骗了一辈子也没想到自己最后能得到这么大一笔财富。


title:
                        
                        这只猪年赚63亿，你还急着给它送钱？是！
                        
time:2018年4月23日
stract:小猪佩奇》真正的火爆，是得益于在社交平台、短视频平台的营销。


title:
                        
                        捅杀滴滴、和微信支付抢市场！免费的高德让对手付出高昂的代价！  
                        
time:2018年4月22日
stract:看不见的敌人才是最可怕的！


title:
                        
                        为什么总有人为贾跃亭的执念买单？
                        
time:2018年4月22日
stract:一年前，贾跃亭的“前任白衣骑士”孙宏斌还说，“别劝我，我比任何人都了解乐视，缺钱事儿最小，贾跃亭太稀有了！”


